Performing C SOURCE FILE Test CMAKE_HAVE_LIBC_PTHREAD failed with the following output:
Change Dir: /home/pzc/Project/fast-https/modules/server/build/CMakeFiles/CMakeTmp

Run Build Command(s):/usr/bin/make cmTC_5b178/fast && /usr/bin/make -f CMakeFiles/cmTC_5b178.dir/build.make CMakeFiles/cmTC_5b178.dir/build
make[1]: Entering directory '/home/pzc/Project/fast-https/modules/server/build/CMakeFiles/CMakeTmp'
Building C object CMakeFiles/cmTC_5b178.dir/src.c.o
/usr/bin/cc   -DCMAKE_HAVE_LIBC_PTHREAD   -o CMakeFiles/cmTC_5b178.dir/src.c.o   -c /home/pzc/Project/fast-https/modules/server/build/CMakeFiles/CMakeTmp/src.c
Linking C executable cmTC_5b178
/usr/bin/cmake -E cmake_link_script CMakeFiles/cmTC_5b178.dir/link.txt --verbose=1
/usr/bin/cc  -DCMAKE_HAVE_LIBC_PTHREAD    CMakeFiles/cmTC_5b178.dir/src.c.o  -o cmTC_5b178 
/usr/bin/ld: CMakeFiles/cmTC_5b178.dir/src.c.o: in function `main':
src.c:(.text+0x46): undefined reference to `pthread_create'
/usr/bin/ld: src.c:(.text+0x52): undefined reference to `pthread_detach'
/usr/bin/ld: src.c:(.text+0x63): undefined reference to `pthread_join'
collect2: error: ld returned 1 exit status
make[1]: *** [CMakeFiles/cmTC_5b178.dir/build.make:87: cmTC_5b178] Error 1
make[1]: Leaving directory '/home/pzc/Project/fast-https/modules/server/build/CMakeFiles/CMakeTmp'
make: *** [Makefile:121: cmTC_5b178/fast] Error 2


Source file was:
#include <pthread.h>

void* test_func(void* data)
{
  return data;
}

int main(void)
{
  pthread_t thread;
  pthread_create(&thread, NULL, test_func, NULL);
  pthread_detach(thread);
  pthread_join(thread, NULL);
  pthread_atfork(NULL, NULL, NULL);
  pthread_exit(NULL);

  return 0;
}

Determining if the function pthread_create exists in the pthreads failed with the following output:
Change Dir: /home/pzc/Project/fast-https/modules/server/build/CMakeFiles/CMakeTmp

Run Build Command(s):/usr/bin/make cmTC_af2b3/fast && /usr/bin/make -f CMakeFiles/cmTC_af2b3.dir/build.make CMakeFiles/cmTC_af2b3.dir/build
make[1]: Entering directory '/home/pzc/Project/fast-https/modules/server/build/CMakeFiles/CMakeTmp'
Building C object CMakeFiles/cmTC_af2b3.dir/CheckFunctionExists.c.o
/usr/bin/cc   -DCHECK_FUNCTION_EXISTS=pthread_create   -o CMakeFiles/cmTC_af2b3.dir/CheckFunctionExists.c.o   -c /usr/share/cmake-3.16/Modules/CheckFunctionExists.c
Linking C executable cmTC_af2b3
/usr/bin/cmake -E cmake_link_script CMakeFiles/cmTC_af2b3.dir/link.txt --verbose=1
/usr/bin/cc  -DCHECK_FUNCTION_EXISTS=pthread_create    CMakeFiles/cmTC_af2b3.dir/CheckFunctionExists.c.o  -o cmTC_af2b3  -lpthreads 
/usr/bin/ld: cannot find -lpthreads
collect2: error: ld returned 1 exit status
make[1]: *** [CMakeFiles/cmTC_af2b3.dir/build.make:87: cmTC_af2b3] Error 1
make[1]: Leaving directory '/home/pzc/Project/fast-https/modules/server/build/CMakeFiles/CMakeTmp'
make: *** [Makefile:121: cmTC_af2b3/fast] Error 2



Performing C SOURCE FILE Test CMAKE_HAVE_LIBC_PTHREAD failed with the following output:
Change Dir: /home/pzc/Project/fast-https/modules/core/server/build/CMakeFiles/CMakeTmp

Run Build Command(s):/usr/bin/make cmTC_e5afb/fast && /usr/bin/make -f CMakeFiles/cmTC_e5afb.dir/build.make CMakeFiles/cmTC_e5afb.dir/build
make[1]: Entering directory '/home/pzc/Project/fast-https/modules/core/server/build/CMakeFiles/CMakeTmp'
Building C object CMakeFiles/cmTC_e5afb.dir/src.c.o
/usr/bin/cc   -DCMAKE_HAVE_LIBC_PTHREAD   -o CMakeFiles/cmTC_e5afb.dir/src.c.o   -c /home/pzc/Project/fast-https/modules/core/server/build/CMakeFiles/CMakeTmp/src.c
Linking C executable cmTC_e5afb
/usr/bin/cmake -E cmake_link_script CMakeFiles/cmTC_e5afb.dir/link.txt --verbose=1
/usr/bin/cc  -DCMAKE_HAVE_LIBC_PTHREAD    CMakeFiles/cmTC_e5afb.dir/src.c.o  -o cmTC_e5afb 
/usr/bin/ld: CMakeFiles/cmTC_e5afb.dir/src.c.o: in function `main':
src.c:(.text+0x46): undefined reference to `pthread_create'
/usr/bin/ld: src.c:(.text+0x52): undefined reference to `pthread_detach'
/usr/bin/ld: src.c:(.text+0x63): undefined reference to `pthread_join'
collect2: error: ld returned 1 exit status
make[1]: *** [CMakeFiles/cmTC_e5afb.dir/build.make:87: cmTC_e5afb] Error 1
make[1]: Leaving directory '/home/pzc/Project/fast-https/modules/core/server/build/CMakeFiles/CMakeTmp'
make: *** [Makefile:121: cmTC_e5afb/fast] Error 2


Source file was:
#include <pthread.h>

void* test_func(void* data)
{
  return data;
}

int main(void)
{
  pthread_t thread;
  pthread_create(&thread, NULL, test_func, NULL);
  pthread_detach(thread);
  pthread_join(thread, NULL);
  pthread_atfork(NULL, NULL, NULL);
  pthread_exit(NULL);

  return 0;
}

Determining if the function pthread_create exists in the pthreads failed with the following output:
Change Dir: /home/pzc/Project/fast-https/modules/core/server/build/CMakeFiles/CMakeTmp

Run Build Command(s):/usr/bin/make cmTC_7908d/fast && /usr/bin/make -f CMakeFiles/cmTC_7908d.dir/build.make CMakeFiles/cmTC_7908d.dir/build
make[1]: Entering directory '/home/pzc/Project/fast-https/modules/core/server/build/CMakeFiles/CMakeTmp'
Building C object CMakeFiles/cmTC_7908d.dir/CheckFunctionExists.c.o
/usr/bin/cc   -DCHECK_FUNCTION_EXISTS=pthread_create   -o CMakeFiles/cmTC_7908d.dir/CheckFunctionExists.c.o   -c /usr/share/cmake-3.16/Modules/CheckFunctionExists.c
Linking C executable cmTC_7908d
/usr/bin/cmake -E cmake_link_script CMakeFiles/cmTC_7908d.dir/link.txt --verbose=1
/usr/bin/cc  -DCHECK_FUNCTION_EXISTS=pthread_create    CMakeFiles/cmTC_7908d.dir/CheckFunctionExists.c.o  -o cmTC_7908d  -lpthreads 
/usr/bin/ld: cannot find -lpthreads
collect2: error: ld returned 1 exit status
make[1]: *** [CMakeFiles/cmTC_7908d.dir/build.make:87: cmTC_7908d] Error 1
make[1]: Leaving directory '/home/pzc/Project/fast-https/modules/core/server/build/CMakeFiles/CMakeTmp'
make: *** [Makefile:121: cmTC_7908d/fast] Error 2



